:::MLLOG {"namespace": "", "time_ms": 1691597907667, "event_type": "INTERVAL_START", "key": "init_start", "value": null, "metadata": {"file": "main.py", "lineno": 31}}
:::MLLOG {"namespace": "", "time_ms": 1691597907695, "event_type": "INTERVAL_START", "key": "init_start", "value": null, "metadata": {"file": "main.py", "lineno": 31}}
:::MLLOG {"namespace": "", "time_ms": 1691597911853, "event_type": "POINT_IN_TIME", "key": "seed", "value": 3617065131, "metadata": {"file": "main.py", "lineno": 43}}
:::MLLOG {"namespace": "", "time_ms": 1691597911855, "event_type": "POINT_IN_TIME", "key": "submission_benchmark", "value": "unet3d", "metadata": {"file": "/workspace/unet3d/runtime/logging.py", "lineno": 61}}
:::MLLOG {"namespace": "", "time_ms": 1691597911855, "event_type": "POINT_IN_TIME", "key": "submission_org", "value": "your-company", "metadata": {"file": "/workspace/unet3d/runtime/logging.py", "lineno": 66}}
:::MLLOG {"namespace": "", "time_ms": 1691597911855, "event_type": "POINT_IN_TIME", "key": "submission_division", "value": "closed", "metadata": {"file": "/workspace/unet3d/runtime/logging.py", "lineno": 70}}
:::MLLOG {"namespace": "", "time_ms": 1691597911856, "event_type": "POINT_IN_TIME", "key": "submission_status", "value": "onprem", "metadata": {"file": "/workspace/unet3d/runtime/logging.py", "lineno": 74}}
:::MLLOG {"namespace": "", "time_ms": 1691597911856, "event_type": "POINT_IN_TIME", "key": "submission_platform", "value": "your_platform", "metadata": {"file": "/workspace/unet3d/runtime/logging.py", "lineno": 78}}
:::MLLOG {"namespace": "", "time_ms": 1691597911856, "event_type": "POINT_IN_TIME", "key": "opt_name", "value": "sgd", "metadata": {"file": "/workspace/unet3d/runtime/logging.py", "lineno": 84}}
:::MLLOG {"namespace": "", "time_ms": 1691597911856, "event_type": "POINT_IN_TIME", "key": "opt_base_learning_rate", "value": 0.8, "metadata": {"file": "/workspace/unet3d/runtime/logging.py", "lineno": 85}}
:::MLLOG {"namespace": "", "time_ms": 1691597911857, "event_type": "POINT_IN_TIME", "key": "opt_learning_rate_warmup_epochs", "value": 0, "metadata": {"file": "/workspace/unet3d/runtime/logging.py", "lineno": 86}}
:::MLLOG {"namespace": "", "time_ms": 1691597911857, "event_type": "POINT_IN_TIME", "key": "opt_learning_rate_decay_boundary_epochs", "value": [], "metadata": {"file": "/workspace/unet3d/runtime/logging.py", "lineno": 88}}
:::MLLOG {"namespace": "", "time_ms": 1691597911857, "event_type": "POINT_IN_TIME", "key": "opt_learning_rate_decay_factor", "value": 1.0, "metadata": {"file": "/workspace/unet3d/runtime/logging.py", "lineno": 89}}
:::MLLOG {"namespace": "", "time_ms": 1691597911857, "event_type": "POINT_IN_TIME", "key": "opt_weight_decay", "value": 0.0, "metadata": {"file": "/workspace/unet3d/runtime/logging.py", "lineno": 90}}
:::MLLOG {"namespace": "", "time_ms": 1691597911858, "event_type": "POINT_IN_TIME", "key": "opt_momentum", "value": 0.9, "metadata": {"file": "/workspace/unet3d/runtime/logging.py", "lineno": 91}}
:::MLLOG {"namespace": "", "time_ms": 1691597911858, "event_type": "POINT_IN_TIME", "key": "oversampling", "value": 0.4, "metadata": {"file": "/workspace/unet3d/runtime/logging.py", "lineno": 92}}
:::MLLOG {"namespace": "", "time_ms": 1691597911858, "event_type": "POINT_IN_TIME", "key": "training_input_shape", "value": [128, 128, 128], "metadata": {"file": "/workspace/unet3d/runtime/logging.py", "lineno": 93}}
:::MLLOG {"namespace": "", "time_ms": 1691597911858, "event_type": "POINT_IN_TIME", "key": "validation_input_shape", "value": [128, 128, 128], "metadata": {"file": "/workspace/unet3d/runtime/logging.py", "lineno": 94}}
:::MLLOG {"namespace": "", "time_ms": 1691597911859, "event_type": "POINT_IN_TIME", "key": "validation_overlap", "value": 0.5, "metadata": {"file": "/workspace/unet3d/runtime/logging.py", "lineno": 95}}
:::MLLOG {"namespace": "", "time_ms": 1691597911860, "event_type": "POINT_IN_TIME", "key": "weights_initialization", "value": null, "metadata": {"file": "/workspace/unet3d/model/layers.py", "lineno": 46, "tensor": "input_block_0_conv"}}
:::MLLOG {"namespace": "", "time_ms": 1691597911860, "event_type": "POINT_IN_TIME", "key": "weights_initialization", "value": null, "metadata": {"file": "/workspace/unet3d/model/layers.py", "lineno": 49, "tensor": "input_block_0_instancenorm"}}
:::MLLOG {"namespace": "", "time_ms": 1691597911862, "event_type": "POINT_IN_TIME", "key": "weights_initialization", "value": null, "metadata": {"file": "/workspace/unet3d/model/layers.py", "lineno": 46, "tensor": "input_block_1_conv"}}
:::MLLOG {"namespace": "", "time_ms": 1691597911862, "event_type": "POINT_IN_TIME", "key": "weights_initialization", "value": null, "metadata": {"file": "/workspace/unet3d/model/layers.py", "lineno": 49, "tensor": "input_block_1_instancenorm"}}
:::MLLOG {"namespace": "", "time_ms": 1691597911863, "event_type": "POINT_IN_TIME", "key": "weights_initialization", "value": null, "metadata": {"file": "/workspace/unet3d/model/layers.py", "lineno": 46, "tensor": "down0_block_0_conv"}}
:::MLLOG {"namespace": "", "time_ms": 1691597911864, "event_type": "POINT_IN_TIME", "key": "weights_initialization", "value": null, "metadata": {"file": "/workspace/unet3d/model/layers.py", "lineno": 49, "tensor": "down0_block_0_instancenorm"}}
:::MLLOG {"namespace": "", "time_ms": 1691597911865, "event_type": "POINT_IN_TIME", "key": "weights_initialization", "value": null, "metadata": {"file": "/workspace/unet3d/model/layers.py", "lineno": 46, "tensor": "down0_block_1_conv"}}
:::MLLOG {"namespace": "", "time_ms": 1691597911865, "event_type": "POINT_IN_TIME", "key": "weights_initialization", "value": null, "metadata": {"file": "/workspace/unet3d/model/layers.py", "lineno": 49, "tensor": "down0_block_1_instancenorm"}}
:::MLLOG {"namespace": "", "time_ms": 1691597911868, "event_type": "POINT_IN_TIME", "key": "weights_initialization", "value": null, "metadata": {"file": "/workspace/unet3d/model/layers.py", "lineno": 46, "tensor": "down1_block_0_conv"}}
:::MLLOG {"namespace": "", "time_ms": 1691597911868, "event_type": "POINT_IN_TIME", "key": "weights_initialization", "value": null, "metadata": {"file": "/workspace/unet3d/model/layers.py", "lineno": 49, "tensor": "down1_block_0_instancenorm"}}
:::MLLOG {"namespace": "", "time_ms": 1691597911873, "event_type": "POINT_IN_TIME", "key": "weights_initialization", "value": null, "metadata": {"file": "/workspace/unet3d/model/layers.py", "lineno": 46, "tensor": "down1_block_1_conv"}}
:::MLLOG {"namespace": "", "time_ms": 1691597911873, "event_type": "POINT_IN_TIME", "key": "weights_initialization", "value": null, "metadata": {"file": "/workspace/unet3d/model/layers.py", "lineno": 49, "tensor": "down1_block_1_instancenorm"}}
:::MLLOG {"namespace": "", "time_ms": 1691597911881, "event_type": "POINT_IN_TIME", "key": "weights_initialization", "value": null, "metadata": {"file": "/workspace/unet3d/model/layers.py", "lineno": 46, "tensor": "down2_block_0_conv"}}
:::MLLOG {"namespace": "", "time_ms": 1691597911881, "event_type": "POINT_IN_TIME", "key": "weights_initialization", "value": null, "metadata": {"file": "/workspace/unet3d/model/layers.py", "lineno": 49, "tensor": "down2_block_0_instancenorm"}}
:::MLLOG {"namespace": "", "time_ms": 1691597911896, "event_type": "POINT_IN_TIME", "key": "weights_initialization", "value": null, "metadata": {"file": "/workspace/unet3d/model/layers.py", "lineno": 46, "tensor": "down2_block_1_conv"}}
:::MLLOG {"namespace": "", "time_ms": 1691597911896, "event_type": "POINT_IN_TIME", "key": "weights_initialization", "value": null, "metadata": {"file": "/workspace/unet3d/model/layers.py", "lineno": 49, "tensor": "down2_block_1_instancenorm"}}
:::MLLOG {"namespace": "", "time_ms": 1691597911915, "event_type": "POINT_IN_TIME", "key": "weights_initialization", "value": null, "metadata": {"file": "/workspace/unet3d/model/layers.py", "lineno": 46, "tensor": "down3_block_0_conv"}}
:::MLLOG {"namespace": "", "time_ms": 1691597911915, "event_type": "POINT_IN_TIME", "key": "weights_initialization", "value": null, "metadata": {"file": "/workspace/unet3d/model/layers.py", "lineno": 49, "tensor": "down3_block_0_instancenorm"}}
:::MLLOG {"namespace": "", "time_ms": 1691597911937, "event_type": "POINT_IN_TIME", "key": "weights_initialization", "value": null, "metadata": {"file": "/workspace/unet3d/model/layers.py", "lineno": 46, "tensor": "down3_block_1_conv"}}
:::MLLOG {"namespace": "", "time_ms": 1691597911938, "event_type": "POINT_IN_TIME", "key": "weights_initialization", "value": null, "metadata": {"file": "/workspace/unet3d/model/layers.py", "lineno": 49, "tensor": "down3_block_1_instancenorm"}}
:::MLLOG {"namespace": "", "time_ms": 1691597911960, "event_type": "POINT_IN_TIME", "key": "weights_initialization", "value": null, "metadata": {"file": "/workspace/unet3d/model/layers.py", "lineno": 46, "tensor": "down4_block_0_conv"}}
:::MLLOG {"namespace": "", "time_ms": 1691597911961, "event_type": "POINT_IN_TIME", "key": "weights_initialization", "value": null, "metadata": {"file": "/workspace/unet3d/model/layers.py", "lineno": 49, "tensor": "down4_block_0_instancenorm"}}
:::MLLOG {"namespace": "", "time_ms": 1691597911983, "event_type": "POINT_IN_TIME", "key": "weights_initialization", "value": null, "metadata": {"file": "/workspace/unet3d/model/layers.py", "lineno": 46, "tensor": "down4_block_1_conv"}}
:::MLLOG {"namespace": "", "time_ms": 1691597911984, "event_type": "POINT_IN_TIME", "key": "weights_initialization", "value": null, "metadata": {"file": "/workspace/unet3d/model/layers.py", "lineno": 49, "tensor": "down4_block_1_instancenorm"}}
:::MLLOG {"namespace": "", "time_ms": 1691597911991, "event_type": "POINT_IN_TIME", "key": "weights_initialization", "value": null, "metadata": {"file": "/workspace/unet3d/model/layers.py", "lineno": 46, "tensor": "up0_deconv"}}
:::MLLOG {"namespace": "", "time_ms": 1691597912035, "event_type": "POINT_IN_TIME", "key": "weights_initialization", "value": null, "metadata": {"file": "/workspace/unet3d/model/layers.py", "lineno": 46, "tensor": "up0_block_0_conv"}}
:::MLLOG {"namespace": "", "time_ms": 1691597912036, "event_type": "POINT_IN_TIME", "key": "weights_initialization", "value": null, "metadata": {"file": "/workspace/unet3d/model/layers.py", "lineno": 49, "tensor": "up0_block_0_instancenorm"}}
:::MLLOG {"namespace": "", "time_ms": 1691597912058, "event_type": "POINT_IN_TIME", "key": "weights_initialization", "value": null, "metadata": {"file": "/workspace/unet3d/model/layers.py", "lineno": 46, "tensor": "up0_block_1_conv"}}
:::MLLOG {"namespace": "", "time_ms": 1691597912059, "event_type": "POINT_IN_TIME", "key": "weights_initialization", "value": null, "metadata": {"file": "/workspace/unet3d/model/layers.py", "lineno": 49, "tensor": "up0_block_1_instancenorm"}}
:::MLLOG {"namespace": "", "time_ms": 1691597912065, "event_type": "POINT_IN_TIME", "key": "weights_initialization", "value": null, "metadata": {"file": "/workspace/unet3d/model/layers.py", "lineno": 46, "tensor": "up1_deconv"}}
:::MLLOG {"namespace": "", "time_ms": 1691597912093, "event_type": "POINT_IN_TIME", "key": "weights_initialization", "value": null, "metadata": {"file": "/workspace/unet3d/model/layers.py", "lineno": 46, "tensor": "up1_block_0_conv"}}
:::MLLOG {"namespace": "", "time_ms": 1691597912094, "event_type": "POINT_IN_TIME", "key": "weights_initialization", "value": null, "metadata": {"file": "/workspace/unet3d/model/layers.py", "lineno": 49, "tensor": "up1_block_0_instancenorm"}}
:::MLLOG {"namespace": "", "time_ms": 1691597912108, "event_type": "POINT_IN_TIME", "key": "weights_initialization", "value": null, "metadata": {"file": "/workspace/unet3d/model/layers.py", "lineno": 46, "tensor": "up1_block_1_conv"}}
:::MLLOG {"namespace": "", "time_ms": 1691597912109, "event_type": "POINT_IN_TIME", "key": "weights_initialization", "value": null, "metadata": {"file": "/workspace/unet3d/model/layers.py", "lineno": 49, "tensor": "up1_block_1_instancenorm"}}
:::MLLOG {"namespace": "", "time_ms": 1691597912112, "event_type": "POINT_IN_TIME", "key": "weights_initialization", "value": null, "metadata": {"file": "/workspace/unet3d/model/layers.py", "lineno": 46, "tensor": "up2_deconv"}}
:::MLLOG {"namespace": "", "time_ms": 1691597912120, "event_type": "POINT_IN_TIME", "key": "weights_initialization", "value": null, "metadata": {"file": "/workspace/unet3d/model/layers.py", "lineno": 46, "tensor": "up2_block_0_conv"}}
:::MLLOG {"namespace": "", "time_ms": 1691597912120, "event_type": "POINT_IN_TIME", "key": "weights_initialization", "value": null, "metadata": {"file": "/workspace/unet3d/model/layers.py", "lineno": 49, "tensor": "up2_block_0_instancenorm"}}
:::MLLOG {"namespace": "", "time_ms": 1691597912125, "event_type": "POINT_IN_TIME", "key": "weights_initialization", "value": null, "metadata": {"file": "/workspace/unet3d/model/layers.py", "lineno": 46, "tensor": "up2_block_1_conv"}}
:::MLLOG {"namespace": "", "time_ms": 1691597912125, "event_type": "POINT_IN_TIME", "key": "weights_initialization", "value": null, "metadata": {"file": "/workspace/unet3d/model/layers.py", "lineno": 49, "tensor": "up2_block_1_instancenorm"}}
:::MLLOG {"namespace": "", "time_ms": 1691597912126, "event_type": "POINT_IN_TIME", "key": "weights_initialization", "value": null, "metadata": {"file": "/workspace/unet3d/model/layers.py", "lineno": 46, "tensor": "up3_deconv"}}
:::MLLOG {"namespace": "", "time_ms": 1691597912129, "event_type": "POINT_IN_TIME", "key": "weights_initialization", "value": null, "metadata": {"file": "/workspace/unet3d/model/layers.py", "lineno": 46, "tensor": "up3_block_0_conv"}}
:::MLLOG {"namespace": "", "time_ms": 1691597912129, "event_type": "POINT_IN_TIME", "key": "weights_initialization", "value": null, "metadata": {"file": "/workspace/unet3d/model/layers.py", "lineno": 49, "tensor": "up3_block_0_instancenorm"}}
:::MLLOG {"namespace": "", "time_ms": 1691597912131, "event_type": "POINT_IN_TIME", "key": "weights_initialization", "value": null, "metadata": {"file": "/workspace/unet3d/model/layers.py", "lineno": 46, "tensor": "up3_block_1_conv"}}
:::MLLOG {"namespace": "", "time_ms": 1691597912131, "event_type": "POINT_IN_TIME", "key": "weights_initialization", "value": null, "metadata": {"file": "/workspace/unet3d/model/layers.py", "lineno": 49, "tensor": "up3_block_1_instancenorm"}}
:::MLLOG {"namespace": "", "time_ms": 1691597912132, "event_type": "POINT_IN_TIME", "key": "weights_initialization", "value": null, "metadata": {"file": "/workspace/unet3d/model/layers.py", "lineno": 46, "tensor": "up4_deconv"}}
:::MLLOG {"namespace": "", "time_ms": 1691597912134, "event_type": "POINT_IN_TIME", "key": "weights_initialization", "value": null, "metadata": {"file": "/workspace/unet3d/model/layers.py", "lineno": 46, "tensor": "up4_block_0_conv"}}
:::MLLOG {"namespace": "", "time_ms": 1691597912134, "event_type": "POINT_IN_TIME", "key": "weights_initialization", "value": null, "metadata": {"file": "/workspace/unet3d/model/layers.py", "lineno": 49, "tensor": "up4_block_0_instancenorm"}}
:::MLLOG {"namespace": "", "time_ms": 1691597912135, "event_type": "POINT_IN_TIME", "key": "weights_initialization", "value": null, "metadata": {"file": "/workspace/unet3d/model/layers.py", "lineno": 46, "tensor": "up4_block_1_conv"}}
:::MLLOG {"namespace": "", "time_ms": 1691597912136, "event_type": "POINT_IN_TIME", "key": "weights_initialization", "value": null, "metadata": {"file": "/workspace/unet3d/model/layers.py", "lineno": 49, "tensor": "up4_block_1_instancenorm"}}
:::MLLOG {"namespace": "", "time_ms": 1691597912136, "event_type": "POINT_IN_TIME", "key": "weights_initialization", "value": null, "metadata": {"file": "/workspace/unet3d/model/layers.py", "lineno": 109, "tensor": "output_conv"}}
:::MLLOG {"namespace": "", "time_ms": 1691597912160, "event_type": "INTERVAL_END", "key": "init_stop", "value": null, "metadata": {"file": "main.py", "lineno": 53}}
:::MLLOG {"namespace": "", "time_ms": 1691597912160, "event_type": "INTERVAL_START", "key": "run_start", "value": null, "metadata": {"file": "main.py", "lineno": 54}}
:::MLLOG {"namespace": "", "time_ms": 1691597912206, "event_type": "INTERVAL_START", "key": "block_start", "value": null, "metadata": {"file": "/workspace/unet3d/runtime/training.py", "lineno": 64, "first_epoch_num": 1, "epoch_count": 1}}
:::MLLOG {"namespace": "", "time_ms": 1691597912207, "event_type": "INTERVAL_START", "key": "epoch_start", "value": null, "metadata": {"file": "/workspace/unet3d/runtime/training.py", "lineno": 66, "epoch_num": 1}}
